<component name="libraryTable">
  <library name="junit.platform.suite.api" type="repository">
    <properties maven-id="org.junit.platform:junit-platform-suite-api:1.8.1" />
    <CLASSES>
      <root url="jar://$PROJECT_DIR$/lib/junit5/junit-platform-suite-api-1.8.1.jar!/" />
      <root url="jar://$PROJECT_DIR$/lib/junit5/junit-platform-commons-1.8.1.jar!/" />
      <root url="jar://$PROJECT_DIR$/lib/junit5/apiguardian-api-1.1.2.jar!/" />
    </CLASSES>
    <JAVADOC>
      <root url="jar://$PROJECT_DIR$/lib/junit5/junit-platform-suite-api-1.8.1-javadoc.jar!/" />
      <root url="jar://$PROJECT_DIR$/lib/junit5/junit-platform-commons-1.8.1-javadoc.jar!/" />
      <root url="jar://$PROJECT_DIR$/lib/junit5/apiguardian-api-1.1.2-javadoc.jar!/" />
    </JAVADOC>
    <SOURCES>
      <root url="jar://$PROJECT_DIR$/lib/junit5/junit-platform-suite-api-1.8.1-sources.jar!/" />
      <root url="jar://$PROJECT_DIR$/lib/junit5/junit-platform-commons-1.8.1-sources.jar!/" />
      <root url="jar://$PROJECT_DIR$/lib/junit5/apiguardian-api-1.1.2-sources.jar!/" />
    </SOURCES>
  </library>
</component>